<?xml version="1.0" encoding="UTF-8"?>
<!-- Generated by org.testng.reporters.JUnitReportReporter -->
<testsuite hostname="shabbu" failures="0" tests="1" name="com.durgasoft.selenium_maven.AppTest" time="0.020" errors="0" timestamp="06 Jan 2021 08:53:36 GMT" skipped="0">
  <testcase classname="com.durgasoft.selenium_maven.AppTest" name="shouldAnswerWithTrue" time="0.020"/>
</testsuite> <!-- com.durgasoft.selenium_maven.AppTest -->
