<?xml version="1.0" encoding="UTF-8"?>
<!-- Generated by org.testng.reporters.JUnitReportReporter -->
<testsuite hostname="shabbu" failures="0" tests="1" name="com.durgasoft.testNG.excel.writeexceldatabyFontStyle" time="2.393" errors="0" timestamp="18 Jan 2021 12:43:28 GMT" skipped="0">
  <testcase classname="com.durgasoft.testNG.excel.writeexceldatabyFontStyle" name="f" time="2.393"/>
</testsuite> <!-- com.durgasoft.testNG.excel.writeexceldatabyFontStyle -->
