<?xml version="1.0" encoding="UTF-8"?>
<!-- Generated by org.testng.reporters.JUnitReportReporter -->
<testsuite hostname="shabbu" failures="0" tests="1" name="com.durgasoft.testNG.excel.readdatafrom_excelfile" time="1.600" errors="0" timestamp="13 Jan 2021 10:25:30 GMT" skipped="0">
  <testcase classname="com.durgasoft.testNG.excel.readdatafrom_excelfile" name="f" time="1.600"/>
</testsuite> <!-- com.durgasoft.testNG.excel.readdatafrom_excelfile -->
