<?xml version="1.0" encoding="UTF-8"?>
<!-- Generated by org.testng.reporters.JUnitReportReporter -->
<testsuite hostname="shabbu" failures="0" tests="1" name="com.durgasoft.testNG.excel.writeExceldata_byindex" time="2.332" errors="0" timestamp="18 Jan 2021 12:19:50 GMT" skipped="0">
  <testcase classname="com.durgasoft.testNG.excel.writeExceldata_byindex" name="f" time="2.332"/>
</testsuite> <!-- com.durgasoft.testNG.excel.writeExceldata_byindex -->
