<?xml version="1.0" encoding="UTF-8"?>
<!-- Generated by org.testng.reporters.JUnitReportReporter -->
<testsuite hostname="shabbu" failures="0" tests="1" name="com.durgasoft.testNG.capturescreenshot" time="1.216" errors="0" timestamp="11 Jan 2021 10:57:18 GMT" skipped="0">
  <testcase classname="com.durgasoft.testNG.capturescreenshot" name="normalscreenshot" time="1.216"/>
</testsuite> <!-- com.durgasoft.testNG.capturescreenshot -->
