<?xml version="1.0" encoding="UTF-8"?>
<!-- Generated by org.testng.reporters.JUnitReportReporter -->
<testsuite hostname="shabbu" failures="0" tests="1" name="com.durgasoft.testNG.excel.Readalldatafromexcelfile" time="2.948" errors="0" timestamp="18 Jan 2021 11:41:13 GMT" skipped="0">
  <testcase classname="com.durgasoft.testNG.excel.Readalldatafromexcelfile" name="f" time="2.948"/>
</testsuite> <!-- com.durgasoft.testNG.excel.Readalldatafromexcelfile -->
