<?xml version="1.0" encoding="UTF-8"?>
<!-- Generated by org.testng.reporters.JUnitReportReporter -->
<testsuite hostname="shabbu" failures="0" tests="1" name="com.durgasoft.testNG.facebook_Javascript" time="0.265" errors="0" timestamp="13 Jan 2021 06:28:49 GMT" skipped="0">
  <testcase classname="com.durgasoft.testNG.facebook_Javascript" name="f" time="0.265"/>
</testsuite> <!-- com.durgasoft.testNG.facebook_Javascript -->
